TN:
SF:index.js
FN:1,fetchBulbasaurData
FN:9,fetchCharmanderData
FN:17,fetchSquirtleData
FN:25,fetchIvysaurData
FN:33,handleBulbasaurData
FN:43,getBaseBulbasaur
FN:50,showPokemon
FN:68,getBaseIvysaur
FN:85,showIvysaur
FN:98,getBaseCharmander
FN:115,showCharmander
FN:134,getBaseCharmeleon
FN:151,showCharmeleon
FN:164,getBaseSquirtle
FN:181,showSquirtle
FN:200,getBaseWartortle
FN:218,showWartortle
FNF:17
FNH:7
FNDA:3,fetchBulbasaurData
FNDA:2,fetchCharmanderData
FNDA:2,fetchSquirtleData
FNDA:2,fetchIvysaurData
FNDA:0,handleBulbasaurData
FNDA:1,getBaseBulbasaur
FNDA:0,showPokemon
FNDA:0,getBaseIvysaur
FNDA:0,showIvysaur
FNDA:1,getBaseCharmander
FNDA:0,showCharmander
FNDA:0,getBaseCharmeleon
FNDA:0,showCharmeleon
FNDA:1,getBaseSquirtle
FNDA:0,showSquirtle
FNDA:0,getBaseWartortle
FNDA:0,showWartortle
DA:1,3
DA:2,3
DA:3,3
DA:4,3
DA:5,1
DA:6,3
DA:7,3
DA:8,1
DA:9,2
DA:10,2
DA:11,2
DA:12,2
DA:13,1
DA:14,2
DA:15,2
DA:16,1
DA:17,2
DA:18,2
DA:19,2
DA:20,2
DA:21,1
DA:22,2
DA:23,2
DA:24,1
DA:25,2
DA:26,2
DA:27,2
DA:28,2
DA:29,1
DA:30,2
DA:31,2
DA:32,1
DA:33,0
DA:34,0
DA:35,0
DA:36,0
DA:37,0
DA:38,0
DA:39,0
DA:40,0
DA:41,0
DA:42,1
DA:43,1
DA:44,1
DA:45,1
DA:46,1
DA:47,1
DA:48,1
DA:49,1
DA:50,0
DA:51,0
DA:52,0
DA:53,0
DA:54,0
DA:55,0
DA:56,0
DA:57,0
DA:58,0
DA:59,0
DA:60,0
DA:61,0
DA:62,0
DA:63,0
DA:64,0
DA:65,0
DA:66,0
DA:67,1
DA:68,0
DA:69,0
DA:70,0
DA:71,0
DA:72,0
DA:73,0
DA:74,0
DA:75,0
DA:76,0
DA:77,0
DA:78,0
DA:79,0
DA:80,0
DA:81,0
DA:82,0
DA:83,0
DA:84,1
DA:85,0
DA:86,0
DA:87,0
DA:88,0
DA:89,0
DA:90,0
DA:91,0
DA:92,0
DA:93,0
DA:94,0
DA:95,0
DA:96,0
DA:97,1
DA:98,1
DA:99,1
DA:100,1
DA:101,1
DA:102,1
DA:103,1
DA:104,0
DA:105,0
DA:106,0
DA:107,0
DA:108,0
DA:109,0
DA:110,0
DA:111,1
DA:112,1
DA:113,1
DA:114,1
DA:115,0
DA:116,0
DA:117,0
DA:118,0
DA:119,0
DA:120,0
DA:121,0
DA:122,0
DA:123,0
DA:124,0
DA:125,0
DA:126,0
DA:127,0
DA:128,0
DA:129,0
DA:130,0
DA:131,0
DA:132,0
DA:133,1
DA:134,0
DA:135,0
DA:136,0
DA:137,0
DA:138,0
DA:139,0
DA:140,0
DA:141,0
DA:142,0
DA:143,0
DA:144,0
DA:145,0
DA:146,0
DA:147,0
DA:148,0
DA:149,0
DA:150,1
DA:151,0
DA:152,0
DA:153,0
DA:154,0
DA:155,0
DA:156,0
DA:157,0
DA:158,0
DA:159,0
DA:160,0
DA:161,0
DA:162,0
DA:163,1
DA:164,1
DA:165,1
DA:166,1
DA:167,1
DA:168,1
DA:169,1
DA:170,0
DA:171,0
DA:172,0
DA:173,0
DA:174,0
DA:175,0
DA:176,0
DA:177,1
DA:178,1
DA:179,1
DA:180,1
DA:181,0
DA:182,0
DA:183,0
DA:184,0
DA:185,0
DA:186,0
DA:187,0
DA:188,0
DA:189,0
DA:190,0
DA:191,0
DA:192,0
DA:193,0
DA:194,0
DA:195,0
DA:196,0
DA:197,0
DA:198,0
DA:199,1
DA:200,0
DA:201,0
DA:202,0
DA:203,0
DA:204,0
DA:205,0
DA:206,0
DA:207,0
DA:208,0
DA:209,0
DA:210,0
DA:211,0
DA:212,0
DA:213,0
DA:214,0
DA:215,0
DA:216,0
DA:217,1
DA:218,0
DA:219,0
DA:220,0
DA:221,0
DA:222,0
DA:223,0
DA:224,0
DA:225,0
DA:226,0
DA:227,0
DA:228,0
DA:229,0
DA:230,1
DA:231,1
DA:232,1
DA:233,1
DA:234,1
DA:235,1
DA:236,1
DA:237,1
DA:238,1
DA:239,1
DA:240,1
DA:241,1
DA:242,1
LF:242
LH:81
BRDA:1,0,0,3
BRDA:3,1,0,1
BRDA:4,2,0,1
BRDA:9,3,0,2
BRDA:11,4,0,1
BRDA:12,5,0,1
BRDA:17,6,0,2
BRDA:19,7,0,1
BRDA:20,8,0,1
BRDA:25,9,0,2
BRDA:27,10,0,1
BRDA:28,11,0,1
BRDA:43,12,0,1
BRDA:98,13,0,1
BRDA:164,14,0,1
BRF:15
BRH:15
end_of_record
